{
  "Cucumber Features": {
    "coverage": {
      "/home/ubuntu/workspace/software-Engineering/rottenpotatoes/app/models/movie.rb": [
        1,
        1,
        22,
        null,
        null
      ],
      "/home/ubuntu/workspace/software-Engineering/rottenpotatoes/app/controllers/movies_controller.rb": [
        1,
        null,
        1,
        2,
        null,
        null,
        1,
        4,
        4,
        null,
        null,
        null,
        null,
        1,
        22,
        22,
        null,
        2,
        null,
        2,
        null,
        22,
        22,
        null,
        22,
        60,
        null,
        null,
        22,
        6,
        6,
        6,
        null,
        16,
        null,
        null,
        1,
        null,
        null,
        null,
        1,
        1,
        1,
        1,
        null,
        null,
        1,
        1,
        null,
        null,
        1,
        1,
        1,
        1,
        1,
        null,
        null,
        1,
        1,
        1,
        1,
        1,
        null,
        null,
        1,
        2,
        2,
        2,
        1,
        1,
        null,
        null,
        null,
        null,
        null
      ],
      "/home/ubuntu/workspace/software-Engineering/rottenpotatoes/app/controllers/application_controller.rb": [
        1,
        1,
        null
      ],
      "/home/ubuntu/workspace/software-Engineering/rottenpotatoes/app/helpers/application_helper.rb": [
        1,
        null
      ],
      "/home/ubuntu/workspace/software-Engineering/rottenpotatoes/app/helpers/movies_helper.rb": [
        1,
        null,
        null,
        null,
        null,
        null
      ]
    },
    "timestamp": 1479784896
  },
  "RSpec": {
    "coverage": {
      "/home/ubuntu/workspace/software-Engineering/rottenpotatoes/app/helpers/application_helper.rb": [
        1,
        null
      ],
      "/home/ubuntu/workspace/software-Engineering/rottenpotatoes/app/helpers/movies_helper.rb": [
        1,
        null,
        null,
        null,
        null,
        null
      ],
      "/home/ubuntu/workspace/software-Engineering/rottenpotatoes/app/controllers/movies_controller.rb": [
        1,
        null,
        1,
        2,
        null,
        null,
        1,
        1,
        1,
        null,
        null,
        null,
        null,
        1,
        3,
        3,
        null,
        1,
        null,
        1,
        null,
        3,
        3,
        null,
        3,
        18,
        null,
        null,
        3,
        2,
        2,
        2,
        null,
        1,
        null,
        null,
        1,
        null,
        null,
        null,
        1,
        1,
        1,
        1,
        null,
        null,
        1,
        1,
        null,
        null,
        1,
        1,
        1,
        1,
        1,
        null,
        null,
        1,
        1,
        1,
        1,
        1,
        null,
        null,
        1,
        1,
        1,
        1,
        1,
        1,
        null,
        null,
        null,
        null,
        null
      ],
      "/home/ubuntu/workspace/software-Engineering/rottenpotatoes/app/controllers/application_controller.rb": [
        1,
        1,
        null
      ],
      "/home/ubuntu/workspace/software-Engineering/rottenpotatoes/app/models/movie.rb": [
        1,
        1,
        3,
        null,
        null
      ]
    },
    "timestamp": 1479784873
  }
}
